<?xml version="1.0" encoding="UTF-8"?>
<!-- Generated by org.testng.reporters.JUnitReportReporter -->
<testsuite skipped="0" hostname="Abdullah" name="tester.TestingNGTest" tests="2" failures="0" timestamp="2020-08-27T12:44:22 EET" time="28.707" errors="0">
  <testcase name="validateRegister" time="14.667" classname="tester.TestingNGTest"/>
  <testcase name="validateLogin" time="14.040" classname="tester.TestingNGTest"/>
</testsuite> <!-- tester.TestingNGTest -->
